0 verbose cli D:\桌面\git-demo\.vscode\JavaScript_Project\nodejs\node.exe D:\桌面\git-demo\.vscode\JavaScript_Project\nodejs\node_modules\npm\bin\npm-cli.js
1 info using npm@10.9.2
2 info using node@v22.14.0
3 silly config load:file:D:\桌面\git-demo\.vscode\JavaScript_Project\nodejs\node_modules\npm\npmrc
4 silly config load:file:C:\Users\联想\AppData\Local\Microsoft\TypeScript\5.8\.npmrc
5 silly config load:file:C:\Users\联想\.npmrc
6 silly config load:file:D:\桌面\git-demo\.vscode\JavaScript_Project\nodejs\node_global\etc\npmrc
7 verbose title npm install types-registry@latest
8 verbose argv "install" "--ignore-scripts" "types-registry@latest"
9 verbose logfile logs-max:10 dir:D:\桌面\git-demo\.vscode\JavaScript_Project\nodejs\node_cache\_logs\2025-05-14T06_07_14_784Z-
10 verbose logfile D:\桌面\git-demo\.vscode\JavaScript_Project\nodejs\node_cache\_logs\2025-05-14T06_07_14_784Z-debug-0.log
11 silly logfile start cleaning logs, removing 2 files
12 silly packumentCache heap:4345298944 maxSize:1086324736 maxEntrySize:543162368
13 silly logfile done cleaning log files
14 silly packumentCache corgi:https://registry.npm.taobao.org/types-registry cache-miss
15 http fetch GET https://registry.npm.taobao.org/types-registry attempt 1 failed with ENOTFOUND
16 http fetch GET https://registry.npm.taobao.org/types-registry attempt 2 failed with ENOTFOUND
17 http fetch GET https://registry.npm.taobao.org/types-registry attempt 3 failed with ENOENT
18 verbose type system
19 verbose stack FetchError: request to https://registry.npm.taobao.org/types-registry failed, reason: getaddrinfo ENOENT registry.npm.taobao.org
19 verbose stack     at ClientRequest.<anonymous> (D:\桌面\git-demo\.vscode\JavaScript_Project\nodejs\node_modules\npm\node_modules\minipass-fetch\lib\index.js:130:14)
19 verbose stack     at ClientRequest.emit (node:events:518:28)
19 verbose stack     at emitErrorEvent (node:_http_client:104:11)
19 verbose stack     at _destroy (node:_http_client:898:9)
19 verbose stack     at onSocketNT (node:_http_client:918:5)
19 verbose stack     at process.processTicksAndRejections (node:internal/process/task_queues:91:21)
20 error code ENOENT
21 error syscall getaddrinfo
22 error errno ENOENT
23 error enoent request to https://registry.npm.taobao.org/types-registry failed, reason: getaddrinfo ENOENT registry.npm.taobao.org
24 error enoent This is related to npm not being able to find a file.
24 error enoent
25 silly unfinished npm timer reify 1747202836483
26 silly unfinished npm timer reify:loadTrees 1747202836484
27 silly unfinished npm timer idealTree:userRequests 1747202836498
28 verbose cwd C:\Users\联想\AppData\Local\Microsoft\TypeScript\5.8
29 verbose os Windows_NT 10.0.26100
30 verbose node v22.14.0
31 verbose npm  v10.9.2
32 verbose exit 1
33 verbose code 1
34 error A complete log of this run can be found in: D:\桌面\git-demo\.vscode\JavaScript_Project\nodejs\node_cache\_logs\2025-05-14T06_07_14_784Z-debug-0.log
